{"/Shailesh_Data/Professional/my_upwork_clients/pga/api_code_test/recruiting-api-proj/src/lambda-layers/aws-utils-layer/nodejs/AWSS3Util.js": {"path":"/Shailesh_Data/Professional/my_upwork_clients/pga/api_code_test/recruiting-api-proj/src/lambda-layers/aws-utils-layer/nodejs/AWSS3Util.js","statementMap":{"0":{"start":{"line":2,"column":12},"end":{"line":2,"column":30}},"1":{"start":{"line":3,"column":11},"end":{"line":3,"column":24}},"2":{"start":{"line":5,"column":22},"end":{"line":5,"column":26}},"3":{"start":{"line":6,"column":21},"end":{"line":6,"column":25}},"4":{"start":{"line":7,"column":14},"end":{"line":7,"column":34}},"5":{"start":{"line":8,"column":0},"end":{"line":14,"column":1}},"6":{"start":{"line":9,"column":2},"end":{"line":9,"column":66}},"7":{"start":{"line":10,"column":2},"end":{"line":10,"column":73}},"8":{"start":{"line":12,"column":2},"end":{"line":12,"column":60}},"9":{"start":{"line":13,"column":2},"end":{"line":13,"column":57}},"10":{"start":{"line":18,"column":4},"end":{"line":18,"column":11}},"11":{"start":{"line":19,"column":4},"end":{"line":21,"column":5}},"12":{"start":{"line":20,"column":6},"end":{"line":20,"column":37}},"13":{"start":{"line":26,"column":21},"end":{"line":26,"column":44}},"14":{"start":{"line":27,"column":4},"end":{"line":59,"column":5}},"15":{"start":{"line":29,"column":6},"end":{"line":33,"column":7}},"16":{"start":{"line":30,"column":8},"end":{"line":30,"column":83}},"17":{"start":{"line":32,"column":8},"end":{"line":32,"column":71}},"18":{"start":{"line":34,"column":22},"end":{"line":34,"column":26}},"19":{"start":{"line":36,"column":6},"end":{"line":43,"column":7}},"20":{"start":{"line":37,"column":8},"end":{"line":37,"column":30}},"21":{"start":{"line":38,"column":13},"end":{"line":43,"column":7}},"22":{"start":{"line":39,"column":8},"end":{"line":39,"column":38}},"23":{"start":{"line":41,"column":8},"end":{"line":41,"column":76}},"24":{"start":{"line":42,"column":8},"end":{"line":42,"column":71}},"25":{"start":{"line":44,"column":21},"end":{"line":47,"column":7}},"26":{"start":{"line":48,"column":17},"end":{"line":48,"column":73}},"27":{"start":{"line":49,"column":19},"end":{"line":49,"column":55}},"28":{"start":{"line":50,"column":6},"end":{"line":53,"column":7}},"29":{"start":{"line":51,"column":8},"end":{"line":51,"column":82}},"30":{"start":{"line":52,"column":8},"end":{"line":52,"column":77}},"31":{"start":{"line":54,"column":29},"end":{"line":54,"column":51}},"32":{"start":{"line":55,"column":6},"end":{"line":55,"column":27}},"33":{"start":{"line":57,"column":6},"end":{"line":57,"column":48}},"34":{"start":{"line":58,"column":6},"end":{"line":58,"column":19}},"35":{"start":{"line":64,"column":21},"end":{"line":64,"column":48}},"36":{"start":{"line":65,"column":4},"end":{"line":86,"column":5}},"37":{"start":{"line":67,"column":6},"end":{"line":71,"column":7}},"38":{"start":{"line":68,"column":8},"end":{"line":68,"column":83}},"39":{"start":{"line":70,"column":8},"end":{"line":70,"column":71}},"40":{"start":{"line":72,"column":29},"end":{"line":72,"column":84}},"41":{"start":{"line":73,"column":6},"end":{"line":76,"column":7}},"42":{"start":{"line":74,"column":8},"end":{"line":74,"column":92}},"43":{"start":{"line":75,"column":8},"end":{"line":75,"column":98}},"44":{"start":{"line":77,"column":25},"end":{"line":77,"column":56}},"45":{"start":{"line":78,"column":6},"end":{"line":78,"column":58}},"46":{"start":{"line":80,"column":25},"end":{"line":80,"column":47}},"47":{"start":{"line":81,"column":6},"end":{"line":81,"column":74}},"48":{"start":{"line":82,"column":6},"end":{"line":82,"column":23}},"49":{"start":{"line":84,"column":6},"end":{"line":84,"column":48}},"50":{"start":{"line":85,"column":6},"end":{"line":85,"column":19}},"51":{"start":{"line":91,"column":21},"end":{"line":91,"column":40}},"52":{"start":{"line":92,"column":4},"end":{"line":128,"column":5}},"53":{"start":{"line":94,"column":6},"end":{"line":98,"column":7}},"54":{"start":{"line":95,"column":8},"end":{"line":95,"column":93}},"55":{"start":{"line":97,"column":8},"end":{"line":97,"column":81}},"56":{"start":{"line":99,"column":22},"end":{"line":99,"column":26}},"57":{"start":{"line":101,"column":6},"end":{"line":108,"column":7}},"58":{"start":{"line":102,"column":8},"end":{"line":102,"column":30}},"59":{"start":{"line":103,"column":13},"end":{"line":108,"column":7}},"60":{"start":{"line":104,"column":8},"end":{"line":104,"column":38}},"61":{"start":{"line":106,"column":8},"end":{"line":106,"column":76}},"62":{"start":{"line":107,"column":8},"end":{"line":107,"column":71}},"63":{"start":{"line":110,"column":25},"end":{"line":110,"column":54}},"64":{"start":{"line":111,"column":21},"end":{"line":115,"column":7}},"65":{"start":{"line":116,"column":17},"end":{"line":116,"column":73}},"66":{"start":{"line":118,"column":19},"end":{"line":118,"column":55}},"67":{"start":{"line":119,"column":6},"end":{"line":122,"column":7}},"68":{"start":{"line":120,"column":8},"end":{"line":120,"column":80}},"69":{"start":{"line":121,"column":8},"end":{"line":121,"column":86}},"70":{"start":{"line":123,"column":6},"end":{"line":123,"column":62}},"71":{"start":{"line":124,"column":6},"end":{"line":124,"column":17}},"72":{"start":{"line":126,"column":6},"end":{"line":126,"column":48}},"73":{"start":{"line":127,"column":6},"end":{"line":127,"column":19}},"74":{"start":{"line":133,"column":21},"end":{"line":133,"column":40}},"75":{"start":{"line":134,"column":4},"end":{"line":170,"column":5}},"76":{"start":{"line":136,"column":6},"end":{"line":140,"column":7}},"77":{"start":{"line":137,"column":8},"end":{"line":137,"column":83}},"78":{"start":{"line":139,"column":8},"end":{"line":139,"column":71}},"79":{"start":{"line":141,"column":6},"end":{"line":141,"column":64}},"80":{"start":{"line":142,"column":22},"end":{"line":142,"column":26}},"81":{"start":{"line":144,"column":6},"end":{"line":151,"column":7}},"82":{"start":{"line":145,"column":8},"end":{"line":145,"column":30}},"83":{"start":{"line":146,"column":13},"end":{"line":151,"column":7}},"84":{"start":{"line":147,"column":8},"end":{"line":147,"column":38}},"85":{"start":{"line":149,"column":8},"end":{"line":149,"column":76}},"86":{"start":{"line":150,"column":8},"end":{"line":150,"column":71}},"87":{"start":{"line":152,"column":30},"end":{"line":152,"column":54}},"88":{"start":{"line":153,"column":21},"end":{"line":157,"column":7}},"89":{"start":{"line":158,"column":17},"end":{"line":158,"column":73}},"90":{"start":{"line":160,"column":19},"end":{"line":160,"column":55}},"91":{"start":{"line":161,"column":6},"end":{"line":164,"column":7}},"92":{"start":{"line":162,"column":8},"end":{"line":162,"column":80}},"93":{"start":{"line":163,"column":8},"end":{"line":163,"column":86}},"94":{"start":{"line":165,"column":6},"end":{"line":165,"column":62}},"95":{"start":{"line":166,"column":6},"end":{"line":166,"column":17}},"96":{"start":{"line":168,"column":6},"end":{"line":168,"column":48}},"97":{"start":{"line":169,"column":6},"end":{"line":169,"column":19}},"98":{"start":{"line":174,"column":0},"end":{"line":176,"column":1}}},"fnMap":{"0":{"name":"(anonymous_0)","decl":{"start":{"line":17,"column":2},"end":{"line":17,"column":3}},"loc":{"start":{"line":17,"column":34},"end":{"line":22,"column":3}},"line":17},"1":{"name":"(anonymous_1)","decl":{"start":{"line":25,"column":2},"end":{"line":25,"column":3}},"loc":{"start":{"line":25,"column":61},"end":{"line":60,"column":3}},"line":25},"2":{"name":"(anonymous_2)","decl":{"start":{"line":63,"column":2},"end":{"line":63,"column":3}},"loc":{"start":{"line":63,"column":65},"end":{"line":87,"column":3}},"line":63},"3":{"name":"(anonymous_3)","decl":{"start":{"line":90,"column":2},"end":{"line":90,"column":3}},"loc":{"start":{"line":90,"column":67},"end":{"line":129,"column":3}},"line":90},"4":{"name":"(anonymous_4)","decl":{"start":{"line":132,"column":2},"end":{"line":132,"column":3}},"loc":{"start":{"line":132,"column":67},"end":{"line":171,"column":3}},"line":132}},"branchMap":{"0":{"loc":{"start":{"line":8,"column":0},"end":{"line":14,"column":1}},"type":"if","locations":[{"start":{"line":8,"column":0},"end":{"line":14,"column":1}},{"start":{"line":8,"column":0},"end":{"line":14,"column":1}}],"line":8},"1":{"loc":{"start":{"line":17,"column":15},"end":{"line":17,"column":32}},"type":"default-arg","locations":[{"start":{"line":17,"column":28},"end":{"line":17,"column":32}}],"line":17},"2":{"loc":{"start":{"line":19,"column":4},"end":{"line":21,"column":5}},"type":"if","locations":[{"start":{"line":19,"column":4},"end":{"line":21,"column":5}},{"start":{"line":19,"column":4},"end":{"line":21,"column":5}}],"line":19},"3":{"loc":{"start":{"line":25,"column":42},"end":{"line":25,"column":59}},"type":"default-arg","locations":[{"start":{"line":25,"column":55},"end":{"line":25,"column":59}}],"line":25},"4":{"loc":{"start":{"line":29,"column":6},"end":{"line":33,"column":7}},"type":"if","locations":[{"start":{"line":29,"column":6},"end":{"line":33,"column":7}},{"start":{"line":29,"column":6},"end":{"line":33,"column":7}}],"line":29},"5":{"loc":{"start":{"line":36,"column":6},"end":{"line":43,"column":7}},"type":"if","locations":[{"start":{"line":36,"column":6},"end":{"line":43,"column":7}},{"start":{"line":36,"column":6},"end":{"line":43,"column":7}}],"line":36},"6":{"loc":{"start":{"line":38,"column":13},"end":{"line":43,"column":7}},"type":"if","locations":[{"start":{"line":38,"column":13},"end":{"line":43,"column":7}},{"start":{"line":38,"column":13},"end":{"line":43,"column":7}}],"line":38},"7":{"loc":{"start":{"line":50,"column":6},"end":{"line":53,"column":7}},"type":"if","locations":[{"start":{"line":50,"column":6},"end":{"line":53,"column":7}},{"start":{"line":50,"column":6},"end":{"line":53,"column":7}}],"line":50},"8":{"loc":{"start":{"line":63,"column":46},"end":{"line":63,"column":63}},"type":"default-arg","locations":[{"start":{"line":63,"column":59},"end":{"line":63,"column":63}}],"line":63},"9":{"loc":{"start":{"line":67,"column":6},"end":{"line":71,"column":7}},"type":"if","locations":[{"start":{"line":67,"column":6},"end":{"line":71,"column":7}},{"start":{"line":67,"column":6},"end":{"line":71,"column":7}}],"line":67},"10":{"loc":{"start":{"line":73,"column":6},"end":{"line":76,"column":7}},"type":"if","locations":[{"start":{"line":73,"column":6},"end":{"line":76,"column":7}},{"start":{"line":73,"column":6},"end":{"line":76,"column":7}}],"line":73},"11":{"loc":{"start":{"line":90,"column":48},"end":{"line":90,"column":65}},"type":"default-arg","locations":[{"start":{"line":90,"column":61},"end":{"line":90,"column":65}}],"line":90},"12":{"loc":{"start":{"line":94,"column":6},"end":{"line":98,"column":7}},"type":"if","locations":[{"start":{"line":94,"column":6},"end":{"line":98,"column":7}},{"start":{"line":94,"column":6},"end":{"line":98,"column":7}}],"line":94},"13":{"loc":{"start":{"line":101,"column":6},"end":{"line":108,"column":7}},"type":"if","locations":[{"start":{"line":101,"column":6},"end":{"line":108,"column":7}},{"start":{"line":101,"column":6},"end":{"line":108,"column":7}}],"line":101},"14":{"loc":{"start":{"line":103,"column":13},"end":{"line":108,"column":7}},"type":"if","locations":[{"start":{"line":103,"column":13},"end":{"line":108,"column":7}},{"start":{"line":103,"column":13},"end":{"line":108,"column":7}}],"line":103},"15":{"loc":{"start":{"line":119,"column":6},"end":{"line":122,"column":7}},"type":"if","locations":[{"start":{"line":119,"column":6},"end":{"line":122,"column":7}},{"start":{"line":119,"column":6},"end":{"line":122,"column":7}}],"line":119},"16":{"loc":{"start":{"line":132,"column":48},"end":{"line":132,"column":65}},"type":"default-arg","locations":[{"start":{"line":132,"column":61},"end":{"line":132,"column":65}}],"line":132},"17":{"loc":{"start":{"line":136,"column":6},"end":{"line":140,"column":7}},"type":"if","locations":[{"start":{"line":136,"column":6},"end":{"line":140,"column":7}},{"start":{"line":136,"column":6},"end":{"line":140,"column":7}}],"line":136},"18":{"loc":{"start":{"line":144,"column":6},"end":{"line":151,"column":7}},"type":"if","locations":[{"start":{"line":144,"column":6},"end":{"line":151,"column":7}},{"start":{"line":144,"column":6},"end":{"line":151,"column":7}}],"line":144},"19":{"loc":{"start":{"line":146,"column":13},"end":{"line":151,"column":7}},"type":"if","locations":[{"start":{"line":146,"column":13},"end":{"line":151,"column":7}},{"start":{"line":146,"column":13},"end":{"line":151,"column":7}}],"line":146},"20":{"loc":{"start":{"line":161,"column":6},"end":{"line":164,"column":7}},"type":"if","locations":[{"start":{"line":161,"column":6},"end":{"line":164,"column":7}},{"start":{"line":161,"column":6},"end":{"line":164,"column":7}}],"line":161}},"s":{"0":1,"1":1,"2":1,"3":1,"4":1,"5":1,"6":1,"7":1,"8":0,"9":0,"10":1,"11":1,"12":1,"13":1,"14":1,"15":1,"16":0,"17":1,"18":1,"19":1,"20":0,"21":1,"22":1,"23":0,"24":0,"25":1,"26":1,"27":1,"28":1,"29":0,"30":0,"31":1,"32":1,"33":0,"34":0,"35":1,"36":1,"37":1,"38":0,"39":1,"40":1,"41":1,"42":0,"43":0,"44":1,"45":1,"46":1,"47":1,"48":1,"49":0,"50":0,"51":0,"52":0,"53":0,"54":0,"55":0,"56":0,"57":0,"58":0,"59":0,"60":0,"61":0,"62":0,"63":0,"64":0,"65":0,"66":0,"67":0,"68":0,"69":0,"70":0,"71":0,"72":0,"73":0,"74":0,"75":0,"76":0,"77":0,"78":0,"79":0,"80":0,"81":0,"82":0,"83":0,"84":0,"85":0,"86":0,"87":0,"88":0,"89":0,"90":0,"91":0,"92":0,"93":0,"94":0,"95":0,"96":0,"97":0,"98":1},"f":{"0":1,"1":1,"2":1,"3":0,"4":0},"b":{"0":[1,0],"1":[0],"2":[1,0],"3":[0],"4":[0,1],"5":[0,1],"6":[1,0],"7":[0,1],"8":[1],"9":[0,1],"10":[0,1],"11":[0],"12":[0,0],"13":[0,0],"14":[0,0],"15":[0,0],"16":[0],"17":[0,0],"18":[0,0],"19":[0,0],"20":[0,0]},"_coverageSchema":"43e27e138ebf9cfc5966b082cf9a028302ed4184","hash":"32ccbe1d292a080d700c4cbdebf737c59cd3d96c"}
,"/Shailesh_Data/Professional/my_upwork_clients/pga/api_code_test/recruiting-api-proj/src/lambda-layers/aws-utils-layer/nodejs/aws-utils-configs.js": {"path":"/Shailesh_Data/Professional/my_upwork_clients/pga/api_code_test/recruiting-api-proj/src/lambda-layers/aws-utils-layer/nodejs/aws-utils-configs.js","statementMap":{"0":{"start":{"line":1,"column":24},"end":{"line":3,"column":1}},"1":{"start":{"line":4,"column":0},"end":{"line":6,"column":1}}},"fnMap":{},"branchMap":{},"s":{"0":1,"1":1},"f":{},"b":{},"_coverageSchema":"43e27e138ebf9cfc5966b082cf9a028302ed4184","hash":"1ceb0e08708b64a4d64ef98d5ce284977d7affca"}
,"/Shailesh_Data/Professional/my_upwork_clients/pga/api_code_test/recruiting-api-proj/src/lambda-layers/common-layer/nodejs/CError.js": {"path":"/Shailesh_Data/Professional/my_upwork_clients/pga/api_code_test/recruiting-api-proj/src/lambda-layers/common-layer/nodejs/CError.js","statementMap":{"0":{"start":{"line":2,"column":20},"end":{"line":2,"column":30}},"1":{"start":{"line":5,"column":21},"end":{"line":5,"column":64}},"2":{"start":{"line":7,"column":4},"end":{"line":7,"column":11}},"3":{"start":{"line":9,"column":4},"end":{"line":12,"column":5}},"4":{"start":{"line":10,"column":6},"end":{"line":10,"column":75}},"5":{"start":{"line":11,"column":6},"end":{"line":11,"column":54}},"6":{"start":{"line":14,"column":4},"end":{"line":19,"column":5}},"7":{"start":{"line":15,"column":6},"end":{"line":18,"column":7}},"8":{"start":{"line":16,"column":8},"end":{"line":16,"column":95}},"9":{"start":{"line":17,"column":8},"end":{"line":17,"column":62}},"10":{"start":{"line":20,"column":4},"end":{"line":20,"column":25}},"11":{"start":{"line":21,"column":4},"end":{"line":21,"column":31}},"12":{"start":{"line":22,"column":4},"end":{"line":22,"column":55}},"13":{"start":{"line":23,"column":4},"end":{"line":23,"column":55}},"14":{"start":{"line":26,"column":0},"end":{"line":28,"column":1}}},"fnMap":{"0":{"name":"(anonymous_0)","decl":{"start":{"line":4,"column":2},"end":{"line":4,"column":3}},"loc":{"start":{"line":4,"column":50},"end":{"line":24,"column":3}},"line":4}},"branchMap":{"0":{"loc":{"start":{"line":4,"column":26},"end":{"line":4,"column":48}},"type":"default-arg","locations":[{"start":{"line":4,"column":44},"end":{"line":4,"column":48}}],"line":4},"1":{"loc":{"start":{"line":9,"column":4},"end":{"line":12,"column":5}},"type":"if","locations":[{"start":{"line":9,"column":4},"end":{"line":12,"column":5}},{"start":{"line":9,"column":4},"end":{"line":12,"column":5}}],"line":9},"2":{"loc":{"start":{"line":9,"column":10},"end":{"line":9,"column":43}},"type":"binary-expr","locations":[{"start":{"line":9,"column":10},"end":{"line":9,"column":19}},{"start":{"line":9,"column":23},"end":{"line":9,"column":43}}],"line":9},"3":{"loc":{"start":{"line":14,"column":4},"end":{"line":19,"column":5}},"type":"if","locations":[{"start":{"line":14,"column":4},"end":{"line":19,"column":5}},{"start":{"line":14,"column":4},"end":{"line":19,"column":5}}],"line":14},"4":{"loc":{"start":{"line":15,"column":6},"end":{"line":18,"column":7}},"type":"if","locations":[{"start":{"line":15,"column":6},"end":{"line":18,"column":7}},{"start":{"line":15,"column":6},"end":{"line":18,"column":7}}],"line":15}},"s":{"0":1,"1":8,"2":8,"3":8,"4":0,"5":0,"6":8,"7":0,"8":0,"9":0,"10":8,"11":8,"12":8,"13":8,"14":1},"f":{"0":8},"b":{"0":[8],"1":[0,8],"2":[8,8],"3":[0,8],"4":[0,0]},"_coverageSchema":"43e27e138ebf9cfc5966b082cf9a028302ed4184","hash":"3e51c3ce907d698f9ee7ad8b112b2671526d8476"}
,"/Shailesh_Data/Professional/my_upwork_clients/pga/api_code_test/recruiting-api-proj/src/lambda-layers/common-layer/nodejs/api-response-util.js": {"path":"/Shailesh_Data/Professional/my_upwork_clients/pga/api_code_test/recruiting-api-proj/src/lambda-layers/common-layer/nodejs/api-response-util.js","statementMap":{"0":{"start":{"line":1,"column":23},"end":{"line":1,"column":51}},"1":{"start":{"line":2,"column":27},"end":{"line":2,"column":51}},"2":{"start":{"line":3,"column":29},"end":{"line":3,"column":55}},"3":{"start":{"line":4,"column":19},"end":{"line":4,"column":38}},"4":{"start":{"line":6,"column":20},"end":{"line":6,"column":41}},"5":{"start":{"line":7,"column":27},"end":{"line":12,"column":1}},"6":{"start":{"line":14,"column":31},"end":{"line":19,"column":1}},"7":{"start":{"line":21,"column":19},"end":{"line":21,"column":67}},"8":{"start":{"line":22,"column":2},"end":{"line":50,"column":3}},"9":{"start":{"line":24,"column":4},"end":{"line":24,"column":65}},"10":{"start":{"line":26,"column":4},"end":{"line":26,"column":54}},"11":{"start":{"line":27,"column":26},"end":{"line":27,"column":51}},"12":{"start":{"line":28,"column":4},"end":{"line":28,"column":78}},"13":{"start":{"line":29,"column":4},"end":{"line":32,"column":5}},"14":{"start":{"line":30,"column":6},"end":{"line":30,"column":88}},"15":{"start":{"line":31,"column":6},"end":{"line":31,"column":38}},"16":{"start":{"line":34,"column":22},"end":{"line":34,"column":24}},"17":{"start":{"line":35,"column":4},"end":{"line":35,"column":59}},"18":{"start":{"line":36,"column":4},"end":{"line":36,"column":24}},"19":{"start":{"line":37,"column":4},"end":{"line":37,"column":65}},"20":{"start":{"line":38,"column":4},"end":{"line":38,"column":50}},"21":{"start":{"line":39,"column":4},"end":{"line":44,"column":5}},"22":{"start":{"line":40,"column":6},"end":{"line":40,"column":67}},"23":{"start":{"line":41,"column":6},"end":{"line":41,"column":102}},"24":{"start":{"line":43,"column":6},"end":{"line":43,"column":63}},"25":{"start":{"line":45,"column":4},"end":{"line":45,"column":70}},"26":{"start":{"line":46,"column":4},"end":{"line":46,"column":20}},"27":{"start":{"line":48,"column":4},"end":{"line":48,"column":46}},"28":{"start":{"line":49,"column":4},"end":{"line":49,"column":17}},"29":{"start":{"line":54,"column":19},"end":{"line":54,"column":79}},"30":{"start":{"line":56,"column":20},"end":{"line":56,"column":22}},"31":{"start":{"line":57,"column":2},"end":{"line":57,"column":22}},"32":{"start":{"line":58,"column":2},"end":{"line":58,"column":68}},"33":{"start":{"line":59,"column":2},"end":{"line":59,"column":53}},"34":{"start":{"line":60,"column":2},"end":{"line":60,"column":64}},"35":{"start":{"line":62,"column":24},"end":{"line":62,"column":26}},"36":{"start":{"line":63,"column":2},"end":{"line":63,"column":62}},"37":{"start":{"line":64,"column":2},"end":{"line":64,"column":48}},"38":{"start":{"line":65,"column":2},"end":{"line":65,"column":48}},"39":{"start":{"line":66,"column":2},"end":{"line":66,"column":82}},"40":{"start":{"line":67,"column":2},"end":{"line":67,"column":22}},"41":{"start":{"line":71,"column":19},"end":{"line":71,"column":70}},"42":{"start":{"line":72,"column":2},"end":{"line":111,"column":3}},"43":{"start":{"line":73,"column":4},"end":{"line":73,"column":69}},"44":{"start":{"line":75,"column":4},"end":{"line":78,"column":5}},"45":{"start":{"line":76,"column":6},"end":{"line":76,"column":72}},"46":{"start":{"line":77,"column":6},"end":{"line":77,"column":53}},"47":{"start":{"line":79,"column":20},"end":{"line":79,"column":24}},"48":{"start":{"line":81,"column":4},"end":{"line":94,"column":5}},"49":{"start":{"line":82,"column":6},"end":{"line":82,"column":91}},"50":{"start":{"line":84,"column":25},"end":{"line":84,"column":86}},"51":{"start":{"line":85,"column":6},"end":{"line":85,"column":74}},"52":{"start":{"line":86,"column":6},"end":{"line":86,"column":57}},"53":{"start":{"line":89,"column":6},"end":{"line":89,"column":71}},"54":{"start":{"line":90,"column":6},"end":{"line":92,"column":7}},"55":{"start":{"line":91,"column":8},"end":{"line":91,"column":73}},"56":{"start":{"line":93,"column":6},"end":{"line":93,"column":70}},"57":{"start":{"line":95,"column":4},"end":{"line":95,"column":70}},"58":{"start":{"line":97,"column":28},"end":{"line":97,"column":30}},"59":{"start":{"line":98,"column":25},"end":{"line":98,"column":27}},"60":{"start":{"line":99,"column":4},"end":{"line":99,"column":40}},"61":{"start":{"line":100,"column":4},"end":{"line":100,"column":57}},"62":{"start":{"line":101,"column":4},"end":{"line":101,"column":52}},"63":{"start":{"line":102,"column":4},"end":{"line":102,"column":55}},"64":{"start":{"line":103,"column":4},"end":{"line":103,"column":88}},"65":{"start":{"line":104,"column":4},"end":{"line":104,"column":26}},"66":{"start":{"line":106,"column":4},"end":{"line":106,"column":46}},"67":{"start":{"line":109,"column":33},"end":{"line":109,"column":69}},"68":{"start":{"line":110,"column":4},"end":{"line":110,"column":31}},"69":{"start":{"line":115,"column":19},"end":{"line":115,"column":72}},"70":{"start":{"line":116,"column":2},"end":{"line":143,"column":3}},"71":{"start":{"line":118,"column":4},"end":{"line":118,"column":70}},"72":{"start":{"line":119,"column":4},"end":{"line":119,"column":66}},"73":{"start":{"line":121,"column":24},"end":{"line":121,"column":56}},"74":{"start":{"line":122,"column":4},"end":{"line":122,"column":74}},"75":{"start":{"line":124,"column":30},"end":{"line":124,"column":32}},"76":{"start":{"line":127,"column":4},"end":{"line":130,"column":5}},"77":{"start":{"line":128,"column":6},"end":{"line":128,"column":71}},"78":{"start":{"line":129,"column":6},"end":{"line":129,"column":28}},"79":{"start":{"line":131,"column":4},"end":{"line":131,"column":55}},"80":{"start":{"line":132,"column":4},"end":{"line":132,"column":61}},"81":{"start":{"line":133,"column":4},"end":{"line":133,"column":54}},"82":{"start":{"line":134,"column":4},"end":{"line":134,"column":72}},"83":{"start":{"line":135,"column":4},"end":{"line":135,"column":57}},"84":{"start":{"line":136,"column":4},"end":{"line":136,"column":28}},"85":{"start":{"line":138,"column":4},"end":{"line":138,"column":46}},"86":{"start":{"line":141,"column":33},"end":{"line":141,"column":69}},"87":{"start":{"line":142,"column":4},"end":{"line":142,"column":31}},"88":{"start":{"line":145,"column":0},"end":{"line":148,"column":1}}},"fnMap":{"0":{"name":"prepareErrorJSON","decl":{"start":{"line":20,"column":15},"end":{"line":20,"column":31}},"loc":{"start":{"line":20,"column":62},"end":{"line":51,"column":1}},"line":20},"1":{"name":"getAPIUnhandledErrorResponse","decl":{"start":{"line":53,"column":15},"end":{"line":53,"column":43}},"loc":{"start":{"line":53,"column":47},"end":{"line":68,"column":1}},"line":53},"2":{"name":"getAPIErrorResponse","decl":{"start":{"line":70,"column":15},"end":{"line":70,"column":34}},"loc":{"start":{"line":70,"column":46},"end":{"line":112,"column":1}},"line":70},"3":{"name":"getAPISuccessResponse","decl":{"start":{"line":114,"column":15},"end":{"line":114,"column":36}},"loc":{"start":{"line":114,"column":68},"end":{"line":144,"column":1}},"line":114}},"branchMap":{"0":{"loc":{"start":{"line":20,"column":44},"end":{"line":20,"column":60}},"type":"default-arg","locations":[{"start":{"line":20,"column":56},"end":{"line":20,"column":60}}],"line":20},"1":{"loc":{"start":{"line":29,"column":4},"end":{"line":32,"column":5}},"type":"if","locations":[{"start":{"line":29,"column":4},"end":{"line":32,"column":5}},{"start":{"line":29,"column":4},"end":{"line":32,"column":5}}],"line":29},"2":{"loc":{"start":{"line":39,"column":4},"end":{"line":44,"column":5}},"type":"if","locations":[{"start":{"line":39,"column":4},"end":{"line":44,"column":5}},{"start":{"line":39,"column":4},"end":{"line":44,"column":5}}],"line":39},"3":{"loc":{"start":{"line":75,"column":4},"end":{"line":78,"column":5}},"type":"if","locations":[{"start":{"line":75,"column":4},"end":{"line":78,"column":5}},{"start":{"line":75,"column":4},"end":{"line":78,"column":5}}],"line":75},"4":{"loc":{"start":{"line":81,"column":4},"end":{"line":94,"column":5}},"type":"if","locations":[{"start":{"line":81,"column":4},"end":{"line":94,"column":5}},{"start":{"line":81,"column":4},"end":{"line":94,"column":5}}],"line":81},"5":{"loc":{"start":{"line":90,"column":6},"end":{"line":92,"column":7}},"type":"if","locations":[{"start":{"line":90,"column":6},"end":{"line":92,"column":7}},{"start":{"line":90,"column":6},"end":{"line":92,"column":7}}],"line":90},"6":{"loc":{"start":{"line":127,"column":4},"end":{"line":130,"column":5}},"type":"if","locations":[{"start":{"line":127,"column":4},"end":{"line":130,"column":5}},{"start":{"line":127,"column":4},"end":{"line":130,"column":5}}],"line":127}},"s":{"0":1,"1":1,"2":1,"3":1,"4":1,"5":1,"6":1,"7":8,"8":8,"9":8,"10":8,"11":8,"12":8,"13":8,"14":0,"15":0,"16":8,"17":8,"18":8,"19":8,"20":8,"21":8,"22":0,"23":0,"24":8,"25":8,"26":8,"27":0,"28":0,"29":0,"30":0,"31":0,"32":0,"33":0,"34":0,"35":0,"36":0,"37":0,"38":0,"39":0,"40":0,"41":8,"42":8,"43":8,"44":8,"45":0,"46":0,"47":8,"48":8,"49":0,"50":0,"51":0,"52":0,"53":8,"54":8,"55":0,"56":8,"57":8,"58":8,"59":8,"60":8,"61":8,"62":8,"63":8,"64":8,"65":8,"66":0,"67":0,"68":0,"69":0,"70":0,"71":0,"72":0,"73":0,"74":0,"75":0,"76":0,"77":0,"78":0,"79":0,"80":0,"81":0,"82":0,"83":0,"84":0,"85":0,"86":0,"87":0,"88":1},"f":{"0":8,"1":0,"2":8,"3":0},"b":{"0":[0],"1":[0,8],"2":[0,8],"3":[0,8],"4":[0,8],"5":[0,8],"6":[0,0]},"_coverageSchema":"43e27e138ebf9cfc5966b082cf9a028302ed4184","hash":"834a47861b1be4523320044b969af684d717de4a"}
,"/Shailesh_Data/Professional/my_upwork_clients/pga/api_code_test/recruiting-api-proj/src/lambda-layers/common-layer/nodejs/configs.js": {"path":"/Shailesh_Data/Professional/my_upwork_clients/pga/api_code_test/recruiting-api-proj/src/lambda-layers/common-layer/nodejs/configs.js","statementMap":{"0":{"start":{"line":1,"column":20},"end":{"line":4,"column":1}},"1":{"start":{"line":5,"column":0},"end":{"line":7,"column":1}}},"fnMap":{},"branchMap":{},"s":{"0":1,"1":1},"f":{},"b":{},"_coverageSchema":"43e27e138ebf9cfc5966b082cf9a028302ed4184","hash":"6b37f8ca7f05e895f6853ccc6cd7e33f36f15195"}
,"/Shailesh_Data/Professional/my_upwork_clients/pga/api_code_test/recruiting-api-proj/src/lambda-layers/common-layer/nodejs/error-codes.js": {"path":"/Shailesh_Data/Professional/my_upwork_clients/pga/api_code_test/recruiting-api-proj/src/lambda-layers/common-layer/nodejs/error-codes.js","statementMap":{"0":{"start":{"line":2,"column":23},"end":{"line":81,"column":1}},"1":{"start":{"line":83,"column":0},"end":{"line":85,"column":1}}},"fnMap":{},"branchMap":{},"s":{"0":1,"1":1},"f":{},"b":{},"_coverageSchema":"43e27e138ebf9cfc5966b082cf9a028302ed4184","hash":"3e0301fd51e3e2d3c7f91609a7c0653a0fd533dc"}
,"/Shailesh_Data/Professional/my_upwork_clients/pga/api_code_test/recruiting-api-proj/src/lambda-layers/common-layer/nodejs/success-codes.js": {"path":"/Shailesh_Data/Professional/my_upwork_clients/pga/api_code_test/recruiting-api-proj/src/lambda-layers/common-layer/nodejs/success-codes.js","statementMap":{"0":{"start":{"line":2,"column":25},"end":{"line":13,"column":1}},"1":{"start":{"line":14,"column":0},"end":{"line":16,"column":1}}},"fnMap":{},"branchMap":{},"s":{"0":1,"1":1},"f":{},"b":{},"_coverageSchema":"43e27e138ebf9cfc5966b082cf9a028302ed4184","hash":"7c6d9752ca35c7d83cfaac44dc573cf1dde03a04"}
,"/Shailesh_Data/Professional/my_upwork_clients/pga/api_code_test/recruiting-api-proj/src/lambda-layers/common-layer/nodejs/validation-util.js": {"path":"/Shailesh_Data/Professional/my_upwork_clients/pga/api_code_test/recruiting-api-proj/src/lambda-layers/common-layer/nodejs/validation-util.js","statementMap":{"0":{"start":{"line":1,"column":19},"end":{"line":1,"column":38}},"1":{"start":{"line":2,"column":27},"end":{"line":2,"column":51}},"2":{"start":{"line":4,"column":20},"end":{"line":4,"column":39}},"3":{"start":{"line":7,"column":19},"end":{"line":7,"column":78}},"4":{"start":{"line":8,"column":28},"end":{"line":8,"column":30}},"5":{"start":{"line":9,"column":2},"end":{"line":29,"column":3}},"6":{"start":{"line":10,"column":4},"end":{"line":13,"column":5}},"7":{"start":{"line":11,"column":6},"end":{"line":11,"column":96}},"8":{"start":{"line":12,"column":6},"end":{"line":12,"column":59}},"9":{"start":{"line":14,"column":4},"end":{"line":14,"column":78}},"10":{"start":{"line":15,"column":4},"end":{"line":20,"column":5}},"11":{"start":{"line":16,"column":6},"end":{"line":16,"column":64}},"12":{"start":{"line":17,"column":6},"end":{"line":19,"column":7}},"13":{"start":{"line":18,"column":8},"end":{"line":18,"column":45}},"14":{"start":{"line":21,"column":4},"end":{"line":24,"column":5}},"15":{"start":{"line":22,"column":6},"end":{"line":22,"column":120}},"16":{"start":{"line":23,"column":6},"end":{"line":23,"column":63}},"17":{"start":{"line":25,"column":4},"end":{"line":25,"column":24}},"18":{"start":{"line":27,"column":4},"end":{"line":27,"column":48}},"19":{"start":{"line":28,"column":4},"end":{"line":28,"column":17}},"20":{"start":{"line":34,"column":19},"end":{"line":34,"column":76}},"21":{"start":{"line":35,"column":2},"end":{"line":59,"column":3}},"22":{"start":{"line":36,"column":4},"end":{"line":39,"column":5}},"23":{"start":{"line":37,"column":6},"end":{"line":37,"column":98}},"24":{"start":{"line":38,"column":6},"end":{"line":38,"column":60}},"25":{"start":{"line":40,"column":4},"end":{"line":40,"column":80}},"26":{"start":{"line":41,"column":4},"end":{"line":54,"column":5}},"27":{"start":{"line":42,"column":6},"end":{"line":45,"column":7}},"28":{"start":{"line":43,"column":8},"end":{"line":43,"column":80}},"29":{"start":{"line":44,"column":8},"end":{"line":44,"column":58}},"30":{"start":{"line":47,"column":6},"end":{"line":53,"column":7}},"31":{"start":{"line":49,"column":8},"end":{"line":52,"column":9}},"32":{"start":{"line":50,"column":25},"end":{"line":50,"column":40}},"33":{"start":{"line":51,"column":10},"end":{"line":51,"column":68}},"34":{"start":{"line":55,"column":4},"end":{"line":55,"column":25}},"35":{"start":{"line":57,"column":4},"end":{"line":57,"column":48}},"36":{"start":{"line":58,"column":4},"end":{"line":58,"column":17}},"37":{"start":{"line":63,"column":19},"end":{"line":63,"column":84}},"38":{"start":{"line":64,"column":2},"end":{"line":97,"column":3}},"39":{"start":{"line":65,"column":4},"end":{"line":65,"column":88}},"40":{"start":{"line":66,"column":4},"end":{"line":69,"column":5}},"41":{"start":{"line":67,"column":6},"end":{"line":67,"column":88}},"42":{"start":{"line":68,"column":6},"end":{"line":68,"column":49}},"43":{"start":{"line":70,"column":4},"end":{"line":73,"column":5}},"44":{"start":{"line":71,"column":6},"end":{"line":71,"column":127}},"45":{"start":{"line":72,"column":6},"end":{"line":72,"column":62}},"46":{"start":{"line":74,"column":20},"end":{"line":74,"column":42}},"47":{"start":{"line":75,"column":4},"end":{"line":75,"column":66}},"48":{"start":{"line":76,"column":4},"end":{"line":80,"column":5}},"49":{"start":{"line":77,"column":6},"end":{"line":77,"column":72}},"50":{"start":{"line":79,"column":6},"end":{"line":79,"column":74}},"51":{"start":{"line":81,"column":26},"end":{"line":81,"column":28}},"52":{"start":{"line":83,"column":4},"end":{"line":88,"column":5}},"53":{"start":{"line":84,"column":6},"end":{"line":84,"column":54}},"54":{"start":{"line":85,"column":6},"end":{"line":87,"column":7}},"55":{"start":{"line":86,"column":8},"end":{"line":86,"column":36}},"56":{"start":{"line":89,"column":4},"end":{"line":92,"column":5}},"57":{"start":{"line":90,"column":6},"end":{"line":90,"column":97}},"58":{"start":{"line":91,"column":6},"end":{"line":91,"column":103}},"59":{"start":{"line":93,"column":4},"end":{"line":93,"column":29}},"60":{"start":{"line":95,"column":4},"end":{"line":95,"column":46}},"61":{"start":{"line":96,"column":4},"end":{"line":96,"column":17}},"62":{"start":{"line":99,"column":0},"end":{"line":103,"column":1}}},"fnMap":{"0":{"name":"validateStringTypeParamList","decl":{"start":{"line":6,"column":15},"end":{"line":6,"column":42}},"loc":{"start":{"line":6,"column":59},"end":{"line":30,"column":1}},"line":6},"1":{"name":"validateJSONTypeParamList","decl":{"start":{"line":33,"column":15},"end":{"line":33,"column":40}},"loc":{"start":{"line":33,"column":58},"end":{"line":60,"column":1}},"line":33},"2":{"name":"validateRequiredRequestBodyParams","decl":{"start":{"line":62,"column":15},"end":{"line":62,"column":48}},"loc":{"start":{"line":62,"column":77},"end":{"line":98,"column":1}},"line":62}},"branchMap":{"0":{"loc":{"start":{"line":10,"column":4},"end":{"line":13,"column":5}},"type":"if","locations":[{"start":{"line":10,"column":4},"end":{"line":13,"column":5}},{"start":{"line":10,"column":4},"end":{"line":13,"column":5}}],"line":10},"1":{"loc":{"start":{"line":10,"column":10},"end":{"line":10,"column":55}},"type":"binary-expr","locations":[{"start":{"line":10,"column":10},"end":{"line":10,"column":23}},{"start":{"line":10,"column":27},"end":{"line":10,"column":55}}],"line":10},"2":{"loc":{"start":{"line":17,"column":6},"end":{"line":19,"column":7}},"type":"if","locations":[{"start":{"line":17,"column":6},"end":{"line":19,"column":7}},{"start":{"line":17,"column":6},"end":{"line":19,"column":7}}],"line":17},"3":{"loc":{"start":{"line":17,"column":12},"end":{"line":17,"column":138}},"type":"binary-expr","locations":[{"start":{"line":17,"column":12},"end":{"line":17,"column":34}},{"start":{"line":17,"column":38},"end":{"line":17,"column":65}},{"start":{"line":17,"column":69},"end":{"line":17,"column":102}},{"start":{"line":17,"column":106},"end":{"line":17,"column":138}}],"line":17},"4":{"loc":{"start":{"line":21,"column":4},"end":{"line":24,"column":5}},"type":"if","locations":[{"start":{"line":21,"column":4},"end":{"line":24,"column":5}},{"start":{"line":21,"column":4},"end":{"line":24,"column":5}}],"line":21},"5":{"loc":{"start":{"line":36,"column":4},"end":{"line":39,"column":5}},"type":"if","locations":[{"start":{"line":36,"column":4},"end":{"line":39,"column":5}},{"start":{"line":36,"column":4},"end":{"line":39,"column":5}}],"line":36},"6":{"loc":{"start":{"line":36,"column":10},"end":{"line":36,"column":57}},"type":"binary-expr","locations":[{"start":{"line":36,"column":10},"end":{"line":36,"column":24}},{"start":{"line":36,"column":28},"end":{"line":36,"column":57}}],"line":36},"7":{"loc":{"start":{"line":42,"column":6},"end":{"line":45,"column":7}},"type":"if","locations":[{"start":{"line":42,"column":6},"end":{"line":45,"column":7}},{"start":{"line":42,"column":6},"end":{"line":45,"column":7}}],"line":42},"8":{"loc":{"start":{"line":49,"column":8},"end":{"line":52,"column":9}},"type":"if","locations":[{"start":{"line":49,"column":8},"end":{"line":52,"column":9}},{"start":{"line":49,"column":8},"end":{"line":52,"column":9}}],"line":49},"9":{"loc":{"start":{"line":66,"column":4},"end":{"line":69,"column":5}},"type":"if","locations":[{"start":{"line":66,"column":4},"end":{"line":69,"column":5}},{"start":{"line":66,"column":4},"end":{"line":69,"column":5}}],"line":66},"10":{"loc":{"start":{"line":70,"column":4},"end":{"line":73,"column":5}},"type":"if","locations":[{"start":{"line":70,"column":4},"end":{"line":73,"column":5}},{"start":{"line":70,"column":4},"end":{"line":73,"column":5}}],"line":70},"11":{"loc":{"start":{"line":76,"column":4},"end":{"line":80,"column":5}},"type":"if","locations":[{"start":{"line":76,"column":4},"end":{"line":80,"column":5}},{"start":{"line":76,"column":4},"end":{"line":80,"column":5}}],"line":76},"12":{"loc":{"start":{"line":85,"column":6},"end":{"line":87,"column":7}},"type":"if","locations":[{"start":{"line":85,"column":6},"end":{"line":87,"column":7}},{"start":{"line":85,"column":6},"end":{"line":87,"column":7}}],"line":85},"13":{"loc":{"start":{"line":89,"column":4},"end":{"line":92,"column":5}},"type":"if","locations":[{"start":{"line":89,"column":4},"end":{"line":92,"column":5}},{"start":{"line":89,"column":4},"end":{"line":92,"column":5}}],"line":89}},"s":{"0":1,"1":1,"2":1,"3":19,"4":19,"5":19,"6":19,"7":0,"8":0,"9":19,"10":19,"11":21,"12":21,"13":0,"14":19,"15":0,"16":0,"17":19,"18":0,"19":0,"20":0,"21":0,"22":0,"23":0,"24":0,"25":0,"26":0,"27":0,"28":0,"29":0,"30":0,"31":0,"32":0,"33":0,"34":0,"35":0,"36":0,"37":8,"38":8,"39":8,"40":8,"41":0,"42":0,"43":8,"44":0,"45":0,"46":8,"47":7,"48":7,"49":1,"50":1,"51":6,"52":6,"53":20,"54":20,"55":0,"56":1,"57":0,"58":0,"59":1,"60":7,"61":7,"62":1},"f":{"0":19,"1":0,"2":8},"b":{"0":[0,19],"1":[19,19],"2":[0,21],"3":[21,21,21,21],"4":[0,19],"5":[0,0],"6":[0,0],"7":[0,0],"8":[0,0],"9":[0,8],"10":[0,8],"11":[1,6],"12":[0,15],"13":[0,1]},"_coverageSchema":"43e27e138ebf9cfc5966b082cf9a028302ed4184","hash":"60eb92589b21d59e166f1d5e51d4fba2b6486614"}
,"/Shailesh_Data/Professional/my_upwork_clients/pga/api_code_test/recruiting-api-proj/src/lambda-layers/dal-layer/nodejs/models/Player.js": {"path":"/Shailesh_Data/Professional/my_upwork_clients/pga/api_code_test/recruiting-api-proj/src/lambda-layers/dal-layer/nodejs/models/Player.js","statementMap":{"0":{"start":{"line":2,"column":21},"end":{"line":2,"column":25}},"1":{"start":{"line":3,"column":16},"end":{"line":3,"column":20}},"2":{"start":{"line":4,"column":18},"end":{"line":4,"column":22}},"3":{"start":{"line":5,"column":13},"end":{"line":5,"column":17}},"4":{"start":{"line":6,"column":21},"end":{"line":6,"column":25}},"5":{"start":{"line":7,"column":14},"end":{"line":7,"column":34}},"6":{"start":{"line":8,"column":0},"end":{"line":20,"column":1}},"7":{"start":{"line":9,"column":2},"end":{"line":9,"column":78}},"8":{"start":{"line":10,"column":2},"end":{"line":10,"column":77}},"9":{"start":{"line":11,"column":2},"end":{"line":11,"column":76}},"10":{"start":{"line":12,"column":2},"end":{"line":12,"column":66}},"11":{"start":{"line":13,"column":2},"end":{"line":13,"column":87}},"12":{"start":{"line":15,"column":2},"end":{"line":15,"column":57}},"13":{"start":{"line":16,"column":2},"end":{"line":16,"column":56}},"14":{"start":{"line":17,"column":2},"end":{"line":17,"column":58}},"15":{"start":{"line":18,"column":2},"end":{"line":18,"column":47}},"16":{"start":{"line":19,"column":2},"end":{"line":19,"column":68}},"17":{"start":{"line":22,"column":27},"end":{"line":22,"column":61}},"18":{"start":{"line":26,"column":4},"end":{"line":26,"column":11}},"19":{"start":{"line":27,"column":4},"end":{"line":27,"column":16}},"20":{"start":{"line":28,"column":4},"end":{"line":28,"column":20}},"21":{"start":{"line":29,"column":4},"end":{"line":29,"column":20}},"22":{"start":{"line":30,"column":4},"end":{"line":30,"column":24}},"23":{"start":{"line":31,"column":4},"end":{"line":31,"column":28}},"24":{"start":{"line":37,"column":19},"end":{"line":37,"column":38}},"25":{"start":{"line":38,"column":2},"end":{"line":96,"column":3}},"26":{"start":{"line":40,"column":4},"end":{"line":40,"column":73}},"27":{"start":{"line":42,"column":4},"end":{"line":45,"column":5}},"28":{"start":{"line":43,"column":6},"end":{"line":43,"column":77}},"29":{"start":{"line":44,"column":6},"end":{"line":44,"column":121}},"30":{"start":{"line":47,"column":4},"end":{"line":50,"column":5}},"31":{"start":{"line":48,"column":6},"end":{"line":48,"column":73}},"32":{"start":{"line":49,"column":6},"end":{"line":49,"column":138}},"33":{"start":{"line":52,"column":4},"end":{"line":55,"column":5}},"34":{"start":{"line":53,"column":6},"end":{"line":53,"column":83}},"35":{"start":{"line":54,"column":6},"end":{"line":54,"column":120}},"36":{"start":{"line":57,"column":30},"end":{"line":57,"column":61}},"37":{"start":{"line":58,"column":4},"end":{"line":58,"column":70}},"38":{"start":{"line":59,"column":22},"end":{"line":59,"column":69}},"39":{"start":{"line":60,"column":21},"end":{"line":60,"column":25}},"40":{"start":{"line":61,"column":4},"end":{"line":70,"column":5}},"41":{"start":{"line":62,"column":6},"end":{"line":62,"column":77}},"42":{"start":{"line":65,"column":6},"end":{"line":69,"column":7}},"43":{"start":{"line":66,"column":8},"end":{"line":66,"column":68}},"44":{"start":{"line":67,"column":8},"end":{"line":67,"column":62}},"45":{"start":{"line":68,"column":8},"end":{"line":68,"column":79}},"46":{"start":{"line":71,"column":4},"end":{"line":71,"column":72}},"47":{"start":{"line":72,"column":4},"end":{"line":75,"column":5}},"48":{"start":{"line":73,"column":6},"end":{"line":73,"column":88}},"49":{"start":{"line":74,"column":6},"end":{"line":74,"column":53}},"50":{"start":{"line":77,"column":4},"end":{"line":82,"column":5}},"51":{"start":{"line":78,"column":6},"end":{"line":81,"column":7}},"52":{"start":{"line":79,"column":8},"end":{"line":79,"column":61}},"53":{"start":{"line":80,"column":8},"end":{"line":80,"column":74}},"54":{"start":{"line":84,"column":25},"end":{"line":84,"column":74}},"55":{"start":{"line":85,"column":4},"end":{"line":85,"column":76}},"56":{"start":{"line":87,"column":4},"end":{"line":87,"column":33}},"57":{"start":{"line":88,"column":4},"end":{"line":88,"column":80}},"58":{"start":{"line":90,"column":21},"end":{"line":90,"column":97}},"59":{"start":{"line":91,"column":4},"end":{"line":91,"column":52}},"60":{"start":{"line":92,"column":4},"end":{"line":92,"column":23}},"61":{"start":{"line":94,"column":4},"end":{"line":94,"column":46}},"62":{"start":{"line":95,"column":4},"end":{"line":95,"column":17}},"63":{"start":{"line":100,"column":19},"end":{"line":100,"column":37}},"64":{"start":{"line":101,"column":2},"end":{"line":116,"column":3}},"65":{"start":{"line":103,"column":30},"end":{"line":103,"column":61}},"66":{"start":{"line":104,"column":4},"end":{"line":104,"column":70}},"67":{"start":{"line":105,"column":22},"end":{"line":105,"column":69}},"68":{"start":{"line":106,"column":23},"end":{"line":106,"column":81}},"69":{"start":{"line":107,"column":4},"end":{"line":107,"column":72}},"70":{"start":{"line":108,"column":4},"end":{"line":111,"column":5}},"71":{"start":{"line":109,"column":6},"end":{"line":109,"column":88}},"72":{"start":{"line":110,"column":6},"end":{"line":110,"column":53}},"73":{"start":{"line":112,"column":4},"end":{"line":112,"column":21}},"74":{"start":{"line":114,"column":4},"end":{"line":114,"column":46}},"75":{"start":{"line":115,"column":4},"end":{"line":115,"column":17}},"76":{"start":{"line":120,"column":19},"end":{"line":120,"column":36}},"77":{"start":{"line":121,"column":2},"end":{"line":148,"column":3}},"78":{"start":{"line":123,"column":4},"end":{"line":123,"column":59}},"79":{"start":{"line":125,"column":30},"end":{"line":125,"column":61}},"80":{"start":{"line":126,"column":4},"end":{"line":126,"column":70}},"81":{"start":{"line":127,"column":22},"end":{"line":127,"column":69}},"82":{"start":{"line":128,"column":23},"end":{"line":128,"column":81}},"83":{"start":{"line":129,"column":4},"end":{"line":129,"column":72}},"84":{"start":{"line":130,"column":4},"end":{"line":133,"column":5}},"85":{"start":{"line":131,"column":6},"end":{"line":131,"column":88}},"86":{"start":{"line":132,"column":6},"end":{"line":132,"column":53}},"87":{"start":{"line":135,"column":22},"end":{"line":135,"column":26}},"88":{"start":{"line":136,"column":4},"end":{"line":142,"column":5}},"89":{"start":{"line":137,"column":6},"end":{"line":141,"column":7}},"90":{"start":{"line":138,"column":8},"end":{"line":138,"column":57}},"91":{"start":{"line":139,"column":8},"end":{"line":139,"column":28}},"92":{"start":{"line":140,"column":8},"end":{"line":140,"column":13}},"93":{"start":{"line":143,"column":4},"end":{"line":143,"column":74}},"94":{"start":{"line":144,"column":4},"end":{"line":144,"column":22}},"95":{"start":{"line":146,"column":4},"end":{"line":146,"column":46}},"96":{"start":{"line":147,"column":4},"end":{"line":147,"column":17}},"97":{"start":{"line":152,"column":19},"end":{"line":152,"column":39}},"98":{"start":{"line":153,"column":2},"end":{"line":188,"column":3}},"99":{"start":{"line":155,"column":4},"end":{"line":155,"column":59}},"100":{"start":{"line":157,"column":30},"end":{"line":157,"column":61}},"101":{"start":{"line":158,"column":4},"end":{"line":158,"column":70}},"102":{"start":{"line":159,"column":22},"end":{"line":159,"column":69}},"103":{"start":{"line":160,"column":23},"end":{"line":160,"column":81}},"104":{"start":{"line":161,"column":4},"end":{"line":161,"column":72}},"105":{"start":{"line":162,"column":4},"end":{"line":165,"column":5}},"106":{"start":{"line":163,"column":6},"end":{"line":163,"column":88}},"107":{"start":{"line":164,"column":6},"end":{"line":164,"column":53}},"108":{"start":{"line":167,"column":24},"end":{"line":167,"column":28}},"109":{"start":{"line":168,"column":16},"end":{"line":168,"column":17}},"110":{"start":{"line":169,"column":4},"end":{"line":178,"column":5}},"111":{"start":{"line":170,"column":6},"end":{"line":170,"column":48}},"112":{"start":{"line":171,"column":6},"end":{"line":176,"column":7}},"113":{"start":{"line":172,"column":8},"end":{"line":172,"column":57}},"114":{"start":{"line":174,"column":8},"end":{"line":174,"column":51}},"115":{"start":{"line":175,"column":8},"end":{"line":175,"column":13}},"116":{"start":{"line":177,"column":6},"end":{"line":177,"column":13}},"117":{"start":{"line":179,"column":4},"end":{"line":179,"column":78}},"118":{"start":{"line":180,"column":4},"end":{"line":180,"column":72}},"119":{"start":{"line":181,"column":4},"end":{"line":183,"column":5}},"120":{"start":{"line":182,"column":6},"end":{"line":182,"column":68}},"121":{"start":{"line":184,"column":4},"end":{"line":184,"column":24}},"122":{"start":{"line":186,"column":4},"end":{"line":186,"column":46}},"123":{"start":{"line":187,"column":4},"end":{"line":187,"column":17}},"124":{"start":{"line":192,"column":19},"end":{"line":192,"column":39}},"125":{"start":{"line":193,"column":2},"end":{"line":245,"column":3}},"126":{"start":{"line":195,"column":4},"end":{"line":195,"column":109}},"127":{"start":{"line":197,"column":4},"end":{"line":200,"column":5}},"128":{"start":{"line":198,"column":6},"end":{"line":198,"column":77}},"129":{"start":{"line":199,"column":6},"end":{"line":199,"column":121}},"130":{"start":{"line":202,"column":4},"end":{"line":205,"column":5}},"131":{"start":{"line":203,"column":6},"end":{"line":203,"column":73}},"132":{"start":{"line":204,"column":6},"end":{"line":204,"column":138}},"133":{"start":{"line":207,"column":4},"end":{"line":210,"column":5}},"134":{"start":{"line":208,"column":6},"end":{"line":208,"column":83}},"135":{"start":{"line":209,"column":6},"end":{"line":209,"column":120}},"136":{"start":{"line":212,"column":30},"end":{"line":212,"column":61}},"137":{"start":{"line":213,"column":4},"end":{"line":213,"column":70}},"138":{"start":{"line":214,"column":22},"end":{"line":214,"column":69}},"139":{"start":{"line":215,"column":23},"end":{"line":215,"column":81}},"140":{"start":{"line":216,"column":4},"end":{"line":216,"column":72}},"141":{"start":{"line":217,"column":4},"end":{"line":220,"column":5}},"142":{"start":{"line":218,"column":6},"end":{"line":218,"column":88}},"143":{"start":{"line":219,"column":6},"end":{"line":219,"column":53}},"144":{"start":{"line":221,"column":26},"end":{"line":221,"column":75}},"145":{"start":{"line":222,"column":4},"end":{"line":222,"column":78}},"146":{"start":{"line":224,"column":24},"end":{"line":224,"column":28}},"147":{"start":{"line":225,"column":16},"end":{"line":225,"column":17}},"148":{"start":{"line":226,"column":4},"end":{"line":235,"column":5}},"149":{"start":{"line":227,"column":6},"end":{"line":227,"column":48}},"150":{"start":{"line":228,"column":6},"end":{"line":233,"column":7}},"151":{"start":{"line":229,"column":8},"end":{"line":229,"column":57}},"152":{"start":{"line":231,"column":8},"end":{"line":231,"column":66}},"153":{"start":{"line":232,"column":8},"end":{"line":232,"column":13}},"154":{"start":{"line":234,"column":6},"end":{"line":234,"column":13}},"155":{"start":{"line":236,"column":4},"end":{"line":236,"column":78}},"156":{"start":{"line":237,"column":4},"end":{"line":237,"column":72}},"157":{"start":{"line":238,"column":4},"end":{"line":240,"column":5}},"158":{"start":{"line":239,"column":6},"end":{"line":239,"column":68}},"159":{"start":{"line":241,"column":4},"end":{"line":241,"column":24}},"160":{"start":{"line":243,"column":4},"end":{"line":243,"column":46}},"161":{"start":{"line":244,"column":4},"end":{"line":244,"column":17}},"162":{"start":{"line":248,"column":0},"end":{"line":255,"column":1}}},"fnMap":{"0":{"name":"(anonymous_0)","decl":{"start":{"line":24,"column":2},"end":{"line":24,"column":3}},"loc":{"start":{"line":24,"column":49},"end":{"line":32,"column":3}},"line":24},"1":{"name":"createNewPlayer","decl":{"start":{"line":36,"column":15},"end":{"line":36,"column":30}},"loc":{"start":{"line":36,"column":83},"end":{"line":97,"column":1}},"line":36},"2":{"name":"listAllPlayers","decl":{"start":{"line":99,"column":15},"end":{"line":99,"column":29}},"loc":{"start":{"line":99,"column":33},"end":{"line":117,"column":1}},"line":99},"3":{"name":"getPlayerById","decl":{"start":{"line":119,"column":15},"end":{"line":119,"column":28}},"loc":{"start":{"line":119,"column":35},"end":{"line":149,"column":1}},"line":119},"4":{"name":"deletePlayerById","decl":{"start":{"line":151,"column":15},"end":{"line":151,"column":31}},"loc":{"start":{"line":151,"column":38},"end":{"line":189,"column":1}},"line":151},"5":{"name":"updatePlayerById","decl":{"start":{"line":191,"column":15},"end":{"line":191,"column":31}},"loc":{"start":{"line":191,"column":72},"end":{"line":246,"column":1}},"line":191}},"branchMap":{"0":{"loc":{"start":{"line":8,"column":0},"end":{"line":20,"column":1}},"type":"if","locations":[{"start":{"line":8,"column":0},"end":{"line":20,"column":1}},{"start":{"line":8,"column":0},"end":{"line":20,"column":1}}],"line":8},"1":{"loc":{"start":{"line":36,"column":51},"end":{"line":36,"column":62}},"type":"default-arg","locations":[{"start":{"line":36,"column":61},"end":{"line":36,"column":62}}],"line":36},"2":{"loc":{"start":{"line":36,"column":64},"end":{"line":36,"column":81}},"type":"default-arg","locations":[{"start":{"line":36,"column":76},"end":{"line":36,"column":81}}],"line":36},"3":{"loc":{"start":{"line":42,"column":4},"end":{"line":45,"column":5}},"type":"if","locations":[{"start":{"line":42,"column":4},"end":{"line":45,"column":5}},{"start":{"line":42,"column":4},"end":{"line":45,"column":5}}],"line":42},"4":{"loc":{"start":{"line":42,"column":10},"end":{"line":42,"column":71}},"type":"binary-expr","locations":[{"start":{"line":42,"column":10},"end":{"line":42,"column":37}},{"start":{"line":42,"column":41},"end":{"line":42,"column":53}},{"start":{"line":42,"column":57},"end":{"line":42,"column":71}}],"line":42},"5":{"loc":{"start":{"line":47,"column":4},"end":{"line":50,"column":5}},"type":"if","locations":[{"start":{"line":47,"column":4},"end":{"line":50,"column":5}},{"start":{"line":47,"column":4},"end":{"line":50,"column":5}}],"line":47},"6":{"loc":{"start":{"line":52,"column":4},"end":{"line":55,"column":5}},"type":"if","locations":[{"start":{"line":52,"column":4},"end":{"line":55,"column":5}},{"start":{"line":52,"column":4},"end":{"line":55,"column":5}}],"line":52},"7":{"loc":{"start":{"line":52,"column":10},"end":{"line":52,"column":71}},"type":"binary-expr","locations":[{"start":{"line":52,"column":10},"end":{"line":52,"column":38}},{"start":{"line":52,"column":42},"end":{"line":52,"column":71}}],"line":52},"8":{"loc":{"start":{"line":65,"column":6},"end":{"line":69,"column":7}},"type":"if","locations":[{"start":{"line":65,"column":6},"end":{"line":69,"column":7}},{"start":{"line":65,"column":6},"end":{"line":69,"column":7}}],"line":65},"9":{"loc":{"start":{"line":72,"column":4},"end":{"line":75,"column":5}},"type":"if","locations":[{"start":{"line":72,"column":4},"end":{"line":75,"column":5}},{"start":{"line":72,"column":4},"end":{"line":75,"column":5}}],"line":72},"10":{"loc":{"start":{"line":72,"column":10},"end":{"line":72,"column":49}},"type":"binary-expr","locations":[{"start":{"line":72,"column":10},"end":{"line":72,"column":20}},{"start":{"line":72,"column":24},"end":{"line":72,"column":49}}],"line":72},"11":{"loc":{"start":{"line":78,"column":6},"end":{"line":81,"column":7}},"type":"if","locations":[{"start":{"line":78,"column":6},"end":{"line":81,"column":7}},{"start":{"line":78,"column":6},"end":{"line":81,"column":7}}],"line":78},"12":{"loc":{"start":{"line":108,"column":4},"end":{"line":111,"column":5}},"type":"if","locations":[{"start":{"line":108,"column":4},"end":{"line":111,"column":5}},{"start":{"line":108,"column":4},"end":{"line":111,"column":5}}],"line":108},"13":{"loc":{"start":{"line":108,"column":10},"end":{"line":108,"column":49}},"type":"binary-expr","locations":[{"start":{"line":108,"column":10},"end":{"line":108,"column":20}},{"start":{"line":108,"column":24},"end":{"line":108,"column":49}}],"line":108},"14":{"loc":{"start":{"line":130,"column":4},"end":{"line":133,"column":5}},"type":"if","locations":[{"start":{"line":130,"column":4},"end":{"line":133,"column":5}},{"start":{"line":130,"column":4},"end":{"line":133,"column":5}}],"line":130},"15":{"loc":{"start":{"line":130,"column":10},"end":{"line":130,"column":49}},"type":"binary-expr","locations":[{"start":{"line":130,"column":10},"end":{"line":130,"column":20}},{"start":{"line":130,"column":24},"end":{"line":130,"column":49}}],"line":130},"16":{"loc":{"start":{"line":137,"column":6},"end":{"line":141,"column":7}},"type":"if","locations":[{"start":{"line":137,"column":6},"end":{"line":141,"column":7}},{"start":{"line":137,"column":6},"end":{"line":141,"column":7}}],"line":137},"17":{"loc":{"start":{"line":162,"column":4},"end":{"line":165,"column":5}},"type":"if","locations":[{"start":{"line":162,"column":4},"end":{"line":165,"column":5}},{"start":{"line":162,"column":4},"end":{"line":165,"column":5}}],"line":162},"18":{"loc":{"start":{"line":162,"column":10},"end":{"line":162,"column":49}},"type":"binary-expr","locations":[{"start":{"line":162,"column":10},"end":{"line":162,"column":20}},{"start":{"line":162,"column":24},"end":{"line":162,"column":49}}],"line":162},"19":{"loc":{"start":{"line":171,"column":6},"end":{"line":176,"column":7}},"type":"if","locations":[{"start":{"line":171,"column":6},"end":{"line":176,"column":7}},{"start":{"line":171,"column":6},"end":{"line":176,"column":7}}],"line":171},"20":{"loc":{"start":{"line":181,"column":4},"end":{"line":183,"column":5}},"type":"if","locations":[{"start":{"line":181,"column":4},"end":{"line":183,"column":5}},{"start":{"line":181,"column":4},"end":{"line":183,"column":5}}],"line":181},"21":{"loc":{"start":{"line":197,"column":4},"end":{"line":200,"column":5}},"type":"if","locations":[{"start":{"line":197,"column":4},"end":{"line":200,"column":5}},{"start":{"line":197,"column":4},"end":{"line":200,"column":5}}],"line":197},"22":{"loc":{"start":{"line":197,"column":10},"end":{"line":197,"column":71}},"type":"binary-expr","locations":[{"start":{"line":197,"column":10},"end":{"line":197,"column":37}},{"start":{"line":197,"column":41},"end":{"line":197,"column":53}},{"start":{"line":197,"column":57},"end":{"line":197,"column":71}}],"line":197},"23":{"loc":{"start":{"line":202,"column":4},"end":{"line":205,"column":5}},"type":"if","locations":[{"start":{"line":202,"column":4},"end":{"line":205,"column":5}},{"start":{"line":202,"column":4},"end":{"line":205,"column":5}}],"line":202},"24":{"loc":{"start":{"line":207,"column":4},"end":{"line":210,"column":5}},"type":"if","locations":[{"start":{"line":207,"column":4},"end":{"line":210,"column":5}},{"start":{"line":207,"column":4},"end":{"line":210,"column":5}}],"line":207},"25":{"loc":{"start":{"line":207,"column":10},"end":{"line":207,"column":71}},"type":"binary-expr","locations":[{"start":{"line":207,"column":10},"end":{"line":207,"column":38}},{"start":{"line":207,"column":42},"end":{"line":207,"column":71}}],"line":207},"26":{"loc":{"start":{"line":217,"column":4},"end":{"line":220,"column":5}},"type":"if","locations":[{"start":{"line":217,"column":4},"end":{"line":220,"column":5}},{"start":{"line":217,"column":4},"end":{"line":220,"column":5}}],"line":217},"27":{"loc":{"start":{"line":217,"column":10},"end":{"line":217,"column":49}},"type":"binary-expr","locations":[{"start":{"line":217,"column":10},"end":{"line":217,"column":20}},{"start":{"line":217,"column":24},"end":{"line":217,"column":49}}],"line":217},"28":{"loc":{"start":{"line":228,"column":6},"end":{"line":233,"column":7}},"type":"if","locations":[{"start":{"line":228,"column":6},"end":{"line":233,"column":7}},{"start":{"line":228,"column":6},"end":{"line":233,"column":7}}],"line":228},"29":{"loc":{"start":{"line":238,"column":4},"end":{"line":240,"column":5}},"type":"if","locations":[{"start":{"line":238,"column":4},"end":{"line":240,"column":5}},{"start":{"line":238,"column":4},"end":{"line":240,"column":5}}],"line":238}},"s":{"0":1,"1":1,"2":1,"3":1,"4":1,"5":1,"6":1,"7":1,"8":1,"9":1,"10":1,"11":1,"12":0,"13":0,"14":0,"15":0,"16":0,"17":1,"18":0,"19":0,"20":0,"21":0,"22":0,"23":0,"24":1,"25":1,"26":1,"27":1,"28":0,"29":0,"30":1,"31":0,"32":0,"33":1,"34":0,"35":0,"36":1,"37":1,"38":1,"39":1,"40":1,"41":1,"42":0,"43":0,"44":0,"45":0,"46":1,"47":1,"48":0,"49":0,"50":1,"51":8,"52":1,"53":1,"54":0,"55":0,"56":0,"57":0,"58":0,"59":0,"60":0,"61":1,"62":1,"63":0,"64":0,"65":0,"66":0,"67":0,"68":0,"69":0,"70":0,"71":0,"72":0,"73":0,"74":0,"75":0,"76":0,"77":0,"78":0,"79":0,"80":0,"81":0,"82":0,"83":0,"84":0,"85":0,"86":0,"87":0,"88":0,"89":0,"90":0,"91":0,"92":0,"93":0,"94":0,"95":0,"96":0,"97":0,"98":0,"99":0,"100":0,"101":0,"102":0,"103":0,"104":0,"105":0,"106":0,"107":0,"108":0,"109":0,"110":0,"111":0,"112":0,"113":0,"114":0,"115":0,"116":0,"117":0,"118":0,"119":0,"120":0,"121":0,"122":0,"123":0,"124":0,"125":0,"126":0,"127":0,"128":0,"129":0,"130":0,"131":0,"132":0,"133":0,"134":0,"135":0,"136":0,"137":0,"138":0,"139":0,"140":0,"141":0,"142":0,"143":0,"144":0,"145":0,"146":0,"147":0,"148":0,"149":0,"150":0,"151":0,"152":0,"153":0,"154":0,"155":0,"156":0,"157":0,"158":0,"159":0,"160":0,"161":0,"162":1},"f":{"0":0,"1":1,"2":0,"3":0,"4":0,"5":0},"b":{"0":[1,0],"1":[0],"2":[0],"3":[0,1],"4":[1,1,1],"5":[0,1],"6":[0,1],"7":[1,0],"8":[0,0],"9":[0,1],"10":[1,1],"11":[1,7],"12":[0,0],"13":[0,0],"14":[0,0],"15":[0,0],"16":[0,0],"17":[0,0],"18":[0,0],"19":[0,0],"20":[0,0],"21":[0,0],"22":[0,0,0],"23":[0,0],"24":[0,0],"25":[0,0],"26":[0,0],"27":[0,0],"28":[0,0],"29":[0,0]},"_coverageSchema":"43e27e138ebf9cfc5966b082cf9a028302ed4184","hash":"dd9232719097d38157dbc49d9936b0ee3b8d4ab4"}
,"/Shailesh_Data/Professional/my_upwork_clients/pga/api_code_test/recruiting-api-proj/src/lambdas/create-player-lambda/app.js": {"path":"/Shailesh_Data/Professional/my_upwork_clients/pga/api_code_test/recruiting-api-proj/src/lambdas/create-player-lambda/app.js","statementMap":{"0":{"start":{"line":2,"column":13},"end":{"line":2,"column":17}},"1":{"start":{"line":3,"column":21},"end":{"line":3,"column":25}},"2":{"start":{"line":4,"column":22},"end":{"line":4,"column":26}},"3":{"start":{"line":5,"column":23},"end":{"line":5,"column":27}},"4":{"start":{"line":6,"column":13},"end":{"line":6,"column":17}},"5":{"start":{"line":7,"column":21},"end":{"line":7,"column":25}},"6":{"start":{"line":8,"column":14},"end":{"line":8,"column":34}},"7":{"start":{"line":9,"column":0},"end":{"line":23,"column":1}},"8":{"start":{"line":10,"column":2},"end":{"line":10,"column":77}},"9":{"start":{"line":11,"column":2},"end":{"line":11,"column":98}},"10":{"start":{"line":12,"column":2},"end":{"line":12,"column":104}},"11":{"start":{"line":13,"column":2},"end":{"line":13,"column":90}},"12":{"start":{"line":14,"column":2},"end":{"line":14,"column":74}},"13":{"start":{"line":15,"column":2},"end":{"line":15,"column":87}},"14":{"start":{"line":17,"column":2},"end":{"line":17,"column":47}},"15":{"start":{"line":18,"column":2},"end":{"line":18,"column":68}},"16":{"start":{"line":19,"column":2},"end":{"line":19,"column":74}},"17":{"start":{"line":20,"column":2},"end":{"line":20,"column":60}},"18":{"start":{"line":21,"column":2},"end":{"line":21,"column":47}},"19":{"start":{"line":22,"column":2},"end":{"line":22,"column":57}},"20":{"start":{"line":25,"column":33},"end":{"line":25,"column":77}},"21":{"start":{"line":27,"column":0},"end":{"line":70,"column":1}},"22":{"start":{"line":28,"column":19},"end":{"line":28,"column":41}},"23":{"start":{"line":29,"column":2},"end":{"line":29,"column":60}},"24":{"start":{"line":30,"column":2},"end":{"line":69,"column":3}},"25":{"start":{"line":32,"column":4},"end":{"line":43,"column":5}},"26":{"start":{"line":33,"column":6},"end":{"line":33,"column":93}},"27":{"start":{"line":35,"column":6},"end":{"line":35,"column":64}},"28":{"start":{"line":36,"column":6},"end":{"line":42,"column":7}},"29":{"start":{"line":37,"column":23},"end":{"line":37,"column":71}},"30":{"start":{"line":38,"column":8},"end":{"line":38,"column":21}},"31":{"start":{"line":40,"column":23},"end":{"line":40,"column":126}},"32":{"start":{"line":41,"column":8},"end":{"line":41,"column":21}},"33":{"start":{"line":44,"column":26},"end":{"line":44,"column":48}},"34":{"start":{"line":46,"column":12},"end":{"line":46,"column":16}},"35":{"start":{"line":47,"column":4},"end":{"line":55,"column":5}},"36":{"start":{"line":48,"column":6},"end":{"line":48,"column":142}},"37":{"start":{"line":49,"column":6},"end":{"line":49,"column":56}},"38":{"start":{"line":51,"column":6},"end":{"line":51,"column":48}},"39":{"start":{"line":52,"column":21},"end":{"line":52,"column":69}},"40":{"start":{"line":53,"column":6},"end":{"line":53,"column":66}},"41":{"start":{"line":54,"column":6},"end":{"line":54,"column":19}},"42":{"start":{"line":56,"column":18},"end":{"line":56,"column":20}},"43":{"start":{"line":57,"column":4},"end":{"line":59,"column":5}},"44":{"start":{"line":58,"column":6},"end":{"line":58,"column":19}},"45":{"start":{"line":61,"column":19},"end":{"line":61,"column":122}},"46":{"start":{"line":62,"column":4},"end":{"line":62,"column":64}},"47":{"start":{"line":63,"column":4},"end":{"line":63,"column":17}},"48":{"start":{"line":65,"column":4},"end":{"line":65,"column":46}},"49":{"start":{"line":66,"column":19},"end":{"line":66,"column":123}},"50":{"start":{"line":67,"column":4},"end":{"line":67,"column":64}},"51":{"start":{"line":68,"column":4},"end":{"line":68,"column":17}}},"fnMap":{"0":{"name":"(anonymous_0)","decl":{"start":{"line":27,"column":24},"end":{"line":27,"column":25}},"loc":{"start":{"line":27,"column":41},"end":{"line":70,"column":1}},"line":27}},"branchMap":{"0":{"loc":{"start":{"line":9,"column":0},"end":{"line":23,"column":1}},"type":"if","locations":[{"start":{"line":9,"column":0},"end":{"line":23,"column":1}},{"start":{"line":9,"column":0},"end":{"line":23,"column":1}}],"line":9},"1":{"loc":{"start":{"line":36,"column":6},"end":{"line":42,"column":7}},"type":"if","locations":[{"start":{"line":36,"column":6},"end":{"line":42,"column":7}},{"start":{"line":36,"column":6},"end":{"line":42,"column":7}}],"line":36},"2":{"loc":{"start":{"line":57,"column":4},"end":{"line":59,"column":5}},"type":"if","locations":[{"start":{"line":57,"column":4},"end":{"line":59,"column":5}},{"start":{"line":57,"column":4},"end":{"line":59,"column":5}}],"line":57}},"s":{"0":1,"1":1,"2":1,"3":1,"4":1,"5":1,"6":1,"7":1,"8":1,"9":1,"10":1,"11":1,"12":1,"13":1,"14":0,"15":0,"16":0,"17":0,"18":0,"19":0,"20":1,"21":1,"22":8,"23":8,"24":8,"25":8,"26":8,"27":7,"28":7,"29":1,"30":1,"31":6,"32":6,"33":1,"34":1,"35":1,"36":1,"37":0,"38":1,"39":1,"40":1,"41":1,"42":0,"43":0,"44":0,"45":0,"46":0,"47":0,"48":0,"49":0,"50":0,"51":0},"f":{"0":8},"b":{"0":[1,0],"1":[1,6],"2":[0,0]},"_coverageSchema":"43e27e138ebf9cfc5966b082cf9a028302ed4184","hash":"4ab4ef5e9e767b001b848a3796799ebcb4ef8ae5"}
}
