TN:
SF:/Shailesh_Data/Professional/my_upwork_clients/pga/api_code_test/recruiting-api-proj/src/lambda-layers/aws-utils-layer/nodejs/AWSS3Util.js
FN:17,(anonymous_0)
FN:25,(anonymous_1)
FN:63,(anonymous_2)
FN:90,(anonymous_3)
FN:132,(anonymous_4)
FNF:5
FNH:3
FNDA:1,(anonymous_0)
FNDA:1,(anonymous_1)
FNDA:1,(anonymous_2)
FNDA:0,(anonymous_3)
FNDA:0,(anonymous_4)
DA:2,1
DA:3,1
DA:5,1
DA:6,1
DA:7,1
DA:8,1
DA:9,1
DA:10,1
DA:12,0
DA:13,0
DA:18,1
DA:19,1
DA:20,1
DA:26,1
DA:27,1
DA:29,1
DA:30,0
DA:32,1
DA:34,1
DA:36,1
DA:37,0
DA:38,1
DA:39,1
DA:41,0
DA:42,0
DA:44,1
DA:48,1
DA:49,1
DA:50,1
DA:51,0
DA:52,0
DA:54,1
DA:55,1
DA:57,0
DA:58,0
DA:64,1
DA:65,1
DA:67,1
DA:68,0
DA:70,1
DA:72,1
DA:73,1
DA:74,0
DA:75,0
DA:77,1
DA:78,1
DA:80,1
DA:81,1
DA:82,1
DA:84,0
DA:85,0
DA:91,0
DA:92,0
DA:94,0
DA:95,0
DA:97,0
DA:99,0
DA:101,0
DA:102,0
DA:103,0
DA:104,0
DA:106,0
DA:107,0
DA:110,0
DA:111,0
DA:116,0
DA:118,0
DA:119,0
DA:120,0
DA:121,0
DA:123,0
DA:124,0
DA:126,0
DA:127,0
DA:133,0
DA:134,0
DA:136,0
DA:137,0
DA:139,0
DA:141,0
DA:142,0
DA:144,0
DA:145,0
DA:146,0
DA:147,0
DA:149,0
DA:150,0
DA:152,0
DA:153,0
DA:158,0
DA:160,0
DA:161,0
DA:162,0
DA:163,0
DA:165,0
DA:166,0
DA:168,0
DA:169,0
DA:174,1
LF:99
LH:37
BRDA:8,0,0,1
BRDA:8,0,1,0
BRDA:17,1,0,0
BRDA:19,2,0,1
BRDA:19,2,1,0
BRDA:25,3,0,0
BRDA:29,4,0,0
BRDA:29,4,1,1
BRDA:36,5,0,0
BRDA:36,5,1,1
BRDA:38,6,0,1
BRDA:38,6,1,0
BRDA:50,7,0,0
BRDA:50,7,1,1
BRDA:63,8,0,1
BRDA:67,9,0,0
BRDA:67,9,1,1
BRDA:73,10,0,0
BRDA:73,10,1,1
BRDA:90,11,0,0
BRDA:94,12,0,0
BRDA:94,12,1,0
BRDA:101,13,0,0
BRDA:101,13,1,0
BRDA:103,14,0,0
BRDA:103,14,1,0
BRDA:119,15,0,0
BRDA:119,15,1,0
BRDA:132,16,0,0
BRDA:136,17,0,0
BRDA:136,17,1,0
BRDA:144,18,0,0
BRDA:144,18,1,0
BRDA:146,19,0,0
BRDA:146,19,1,0
BRDA:161,20,0,0
BRDA:161,20,1,0
BRF:37
BRH:9
end_of_record
TN:
SF:/Shailesh_Data/Professional/my_upwork_clients/pga/api_code_test/recruiting-api-proj/src/lambda-layers/aws-utils-layer/nodejs/aws-utils-configs.js
FNF:0
FNH:0
DA:1,1
DA:4,1
LF:2
LH:2
BRF:0
BRH:0
end_of_record
TN:
SF:/Shailesh_Data/Professional/my_upwork_clients/pga/api_code_test/recruiting-api-proj/src/lambda-layers/common-layer/nodejs/CError.js
FN:4,(anonymous_0)
FNF:1
FNH:1
FNDA:8,(anonymous_0)
DA:2,1
DA:5,8
DA:7,8
DA:9,8
DA:10,0
DA:11,0
DA:14,8
DA:15,0
DA:16,0
DA:17,0
DA:20,8
DA:21,8
DA:22,8
DA:23,8
DA:26,1
LF:15
LH:10
BRDA:4,0,0,8
BRDA:9,1,0,0
BRDA:9,1,1,8
BRDA:9,2,0,8
BRDA:9,2,1,8
BRDA:14,3,0,0
BRDA:14,3,1,8
BRDA:15,4,0,0
BRDA:15,4,1,0
BRF:9
BRH:5
end_of_record
TN:
SF:/Shailesh_Data/Professional/my_upwork_clients/pga/api_code_test/recruiting-api-proj/src/lambda-layers/common-layer/nodejs/api-response-util.js
FN:20,prepareErrorJSON
FN:53,getAPIUnhandledErrorResponse
FN:70,getAPIErrorResponse
FN:114,getAPISuccessResponse
FNF:4
FNH:2
FNDA:8,prepareErrorJSON
FNDA:0,getAPIUnhandledErrorResponse
FNDA:8,getAPIErrorResponse
FNDA:0,getAPISuccessResponse
DA:1,1
DA:2,1
DA:3,1
DA:4,1
DA:6,1
DA:7,1
DA:14,1
DA:21,8
DA:22,8
DA:24,8
DA:26,8
DA:27,8
DA:28,8
DA:29,8
DA:30,0
DA:31,0
DA:34,8
DA:35,8
DA:36,8
DA:37,8
DA:38,8
DA:39,8
DA:40,0
DA:41,0
DA:43,8
DA:45,8
DA:46,8
DA:48,0
DA:49,0
DA:54,0
DA:56,0
DA:57,0
DA:58,0
DA:59,0
DA:60,0
DA:62,0
DA:63,0
DA:64,0
DA:65,0
DA:66,0
DA:67,0
DA:71,8
DA:72,8
DA:73,8
DA:75,8
DA:76,0
DA:77,0
DA:79,8
DA:81,8
DA:82,0
DA:84,0
DA:85,0
DA:86,0
DA:89,8
DA:90,8
DA:91,0
DA:93,8
DA:95,8
DA:97,8
DA:98,8
DA:99,8
DA:100,8
DA:101,8
DA:102,8
DA:103,8
DA:104,8
DA:106,0
DA:109,0
DA:110,0
DA:115,0
DA:116,0
DA:118,0
DA:119,0
DA:121,0
DA:122,0
DA:124,0
DA:127,0
DA:128,0
DA:129,0
DA:131,0
DA:132,0
DA:133,0
DA:134,0
DA:135,0
DA:136,0
DA:138,0
DA:141,0
DA:142,0
DA:145,1
LF:89
LH:42
BRDA:20,0,0,0
BRDA:29,1,0,0
BRDA:29,1,1,8
BRDA:39,2,0,0
BRDA:39,2,1,8
BRDA:75,3,0,0
BRDA:75,3,1,8
BRDA:81,4,0,0
BRDA:81,4,1,8
BRDA:90,5,0,0
BRDA:90,5,1,8
BRDA:127,6,0,0
BRDA:127,6,1,0
BRF:13
BRH:5
end_of_record
TN:
SF:/Shailesh_Data/Professional/my_upwork_clients/pga/api_code_test/recruiting-api-proj/src/lambda-layers/common-layer/nodejs/configs.js
FNF:0
FNH:0
DA:1,1
DA:5,1
LF:2
LH:2
BRF:0
BRH:0
end_of_record
TN:
SF:/Shailesh_Data/Professional/my_upwork_clients/pga/api_code_test/recruiting-api-proj/src/lambda-layers/common-layer/nodejs/error-codes.js
FNF:0
FNH:0
DA:2,1
DA:83,1
LF:2
LH:2
BRF:0
BRH:0
end_of_record
TN:
SF:/Shailesh_Data/Professional/my_upwork_clients/pga/api_code_test/recruiting-api-proj/src/lambda-layers/common-layer/nodejs/success-codes.js
FNF:0
FNH:0
DA:2,1
DA:14,1
LF:2
LH:2
BRF:0
BRH:0
end_of_record
TN:
SF:/Shailesh_Data/Professional/my_upwork_clients/pga/api_code_test/recruiting-api-proj/src/lambda-layers/common-layer/nodejs/validation-util.js
FN:6,validateStringTypeParamList
FN:33,validateJSONTypeParamList
FN:62,validateRequiredRequestBodyParams
FNF:3
FNH:2
FNDA:19,validateStringTypeParamList
FNDA:0,validateJSONTypeParamList
FNDA:8,validateRequiredRequestBodyParams
DA:1,1
DA:2,1
DA:4,1
DA:7,19
DA:8,19
DA:9,19
DA:10,19
DA:11,0
DA:12,0
DA:14,19
DA:15,19
DA:16,21
DA:17,21
DA:18,0
DA:21,19
DA:22,0
DA:23,0
DA:25,19
DA:27,0
DA:28,0
DA:34,0
DA:35,0
DA:36,0
DA:37,0
DA:38,0
DA:40,0
DA:41,0
DA:42,0
DA:43,0
DA:44,0
DA:47,0
DA:49,0
DA:50,0
DA:51,0
DA:55,0
DA:57,0
DA:58,0
DA:63,8
DA:64,8
DA:65,8
DA:66,8
DA:67,0
DA:68,0
DA:70,8
DA:71,0
DA:72,0
DA:74,8
DA:75,7
DA:76,7
DA:77,1
DA:79,1
DA:81,6
DA:83,6
DA:84,20
DA:85,20
DA:86,0
DA:89,1
DA:90,0
DA:91,0
DA:93,1
DA:95,7
DA:96,7
DA:99,1
LF:63
LH:32
BRDA:10,0,0,0
BRDA:10,0,1,19
BRDA:10,1,0,19
BRDA:10,1,1,19
BRDA:17,2,0,0
BRDA:17,2,1,21
BRDA:17,3,0,21
BRDA:17,3,1,21
BRDA:17,3,2,21
BRDA:17,3,3,21
BRDA:21,4,0,0
BRDA:21,4,1,19
BRDA:36,5,0,0
BRDA:36,5,1,0
BRDA:36,6,0,0
BRDA:36,6,1,0
BRDA:42,7,0,0
BRDA:42,7,1,0
BRDA:49,8,0,0
BRDA:49,8,1,0
BRDA:66,9,0,0
BRDA:66,9,1,8
BRDA:70,10,0,0
BRDA:70,10,1,8
BRDA:76,11,0,1
BRDA:76,11,1,6
BRDA:85,12,0,0
BRDA:85,12,1,15
BRDA:89,13,0,0
BRDA:89,13,1,1
BRF:30
BRH:15
end_of_record
TN:
SF:/Shailesh_Data/Professional/my_upwork_clients/pga/api_code_test/recruiting-api-proj/src/lambda-layers/dal-layer/nodejs/models/Player.js
FN:24,(anonymous_0)
FN:36,createNewPlayer
FN:99,listAllPlayers
FN:119,getPlayerById
FN:151,deletePlayerById
FN:191,updatePlayerById
FNF:6
FNH:1
FNDA:0,(anonymous_0)
FNDA:1,createNewPlayer
FNDA:0,listAllPlayers
FNDA:0,getPlayerById
FNDA:0,deletePlayerById
FNDA:0,updatePlayerById
DA:2,1
DA:3,1
DA:4,1
DA:5,1
DA:6,1
DA:7,1
DA:8,1
DA:9,1
DA:10,1
DA:11,1
DA:12,1
DA:13,1
DA:15,0
DA:16,0
DA:17,0
DA:18,0
DA:19,0
DA:22,1
DA:26,0
DA:27,0
DA:28,0
DA:29,0
DA:30,0
DA:31,0
DA:37,1
DA:38,1
DA:40,1
DA:42,1
DA:43,0
DA:44,0
DA:47,1
DA:48,0
DA:49,0
DA:52,1
DA:53,0
DA:54,0
DA:57,1
DA:58,1
DA:59,1
DA:60,1
DA:61,1
DA:62,1
DA:65,0
DA:66,0
DA:67,0
DA:68,0
DA:71,1
DA:72,1
DA:73,0
DA:74,0
DA:77,1
DA:78,8
DA:79,1
DA:80,1
DA:84,0
DA:85,0
DA:87,0
DA:88,0
DA:90,0
DA:91,0
DA:92,0
DA:94,1
DA:95,1
DA:100,0
DA:101,0
DA:103,0
DA:104,0
DA:105,0
DA:106,0
DA:107,0
DA:108,0
DA:109,0
DA:110,0
DA:112,0
DA:114,0
DA:115,0
DA:120,0
DA:121,0
DA:123,0
DA:125,0
DA:126,0
DA:127,0
DA:128,0
DA:129,0
DA:130,0
DA:131,0
DA:132,0
DA:135,0
DA:136,0
DA:137,0
DA:138,0
DA:139,0
DA:140,0
DA:143,0
DA:144,0
DA:146,0
DA:147,0
DA:152,0
DA:153,0
DA:155,0
DA:157,0
DA:158,0
DA:159,0
DA:160,0
DA:161,0
DA:162,0
DA:163,0
DA:164,0
DA:167,0
DA:168,0
DA:169,0
DA:170,0
DA:171,0
DA:172,0
DA:174,0
DA:175,0
DA:177,0
DA:179,0
DA:180,0
DA:181,0
DA:182,0
DA:184,0
DA:186,0
DA:187,0
DA:192,0
DA:193,0
DA:195,0
DA:197,0
DA:198,0
DA:199,0
DA:202,0
DA:203,0
DA:204,0
DA:207,0
DA:208,0
DA:209,0
DA:212,0
DA:213,0
DA:214,0
DA:215,0
DA:216,0
DA:217,0
DA:218,0
DA:219,0
DA:221,0
DA:222,0
DA:224,0
DA:225,0
DA:226,0
DA:227,0
DA:228,0
DA:229,0
DA:231,0
DA:232,0
DA:234,0
DA:236,0
DA:237,0
DA:238,0
DA:239,0
DA:241,0
DA:243,0
DA:244,0
DA:248,1
LF:163
LH:34
BRDA:8,0,0,1
BRDA:8,0,1,0
BRDA:36,1,0,0
BRDA:36,2,0,0
BRDA:42,3,0,0
BRDA:42,3,1,1
BRDA:42,4,0,1
BRDA:42,4,1,1
BRDA:42,4,2,1
BRDA:47,5,0,0
BRDA:47,5,1,1
BRDA:52,6,0,0
BRDA:52,6,1,1
BRDA:52,7,0,1
BRDA:52,7,1,0
BRDA:65,8,0,0
BRDA:65,8,1,0
BRDA:72,9,0,0
BRDA:72,9,1,1
BRDA:72,10,0,1
BRDA:72,10,1,1
BRDA:78,11,0,1
BRDA:78,11,1,7
BRDA:108,12,0,0
BRDA:108,12,1,0
BRDA:108,13,0,0
BRDA:108,13,1,0
BRDA:130,14,0,0
BRDA:130,14,1,0
BRDA:130,15,0,0
BRDA:130,15,1,0
BRDA:137,16,0,0
BRDA:137,16,1,0
BRDA:162,17,0,0
BRDA:162,17,1,0
BRDA:162,18,0,0
BRDA:162,18,1,0
BRDA:171,19,0,0
BRDA:171,19,1,0
BRDA:181,20,0,0
BRDA:181,20,1,0
BRDA:197,21,0,0
BRDA:197,21,1,0
BRDA:197,22,0,0
BRDA:197,22,1,0
BRDA:197,22,2,0
BRDA:202,23,0,0
BRDA:202,23,1,0
BRDA:207,24,0,0
BRDA:207,24,1,0
BRDA:207,25,0,0
BRDA:207,25,1,0
BRDA:217,26,0,0
BRDA:217,26,1,0
BRDA:217,27,0,0
BRDA:217,27,1,0
BRDA:228,28,0,0
BRDA:228,28,1,0
BRDA:238,29,0,0
BRDA:238,29,1,0
BRF:60
BRH:13
end_of_record
TN:
SF:/Shailesh_Data/Professional/my_upwork_clients/pga/api_code_test/recruiting-api-proj/src/lambdas/create-player-lambda/app.js
FN:27,(anonymous_0)
FNF:1
FNH:1
FNDA:8,(anonymous_0)
DA:2,1
DA:3,1
DA:4,1
DA:5,1
DA:6,1
DA:7,1
DA:8,1
DA:9,1
DA:10,1
DA:11,1
DA:12,1
DA:13,1
DA:14,1
DA:15,1
DA:17,0
DA:18,0
DA:19,0
DA:20,0
DA:21,0
DA:22,0
DA:25,1
DA:27,1
DA:28,8
DA:29,8
DA:30,8
DA:32,8
DA:33,8
DA:35,7
DA:36,7
DA:37,1
DA:38,1
DA:40,6
DA:41,6
DA:44,1
DA:46,1
DA:47,1
DA:48,1
DA:49,0
DA:51,1
DA:52,1
DA:53,1
DA:54,1
DA:56,0
DA:57,0
DA:58,0
DA:61,0
DA:62,0
DA:63,0
DA:65,0
DA:66,0
DA:67,0
DA:68,0
LF:52
LH:35
BRDA:9,0,0,1
BRDA:9,0,1,0
BRDA:36,1,0,1
BRDA:36,1,1,6
BRDA:57,2,0,0
BRDA:57,2,1,0
BRF:6
BRH:3
end_of_record
